
--- Job ACC2_main_future_overshoot.gms Start 10/17/23 11:58:03 40.3.0 f227c22a WEX-WEI x86 64bit/MS Windows
--- Applying:
    C:\GAMS\40\gmsprmNT.txt
--- GAMS Parameters defined
    Input C:\Users\mastr\Documents\LSCE\ACC2_ssp_rcp_standard_overshoot_CO2_15\ACC2_main_future_overshoot.gms
    PageSize 0
    ScrDir C:\Users\mastr\Documents\LSCE\ACC2_ssp_rcp_standard_overshoot_CO2_15\225a\
    SysDir C:\GAMS\40\
    LogOption 3
    ErrMsg 1
    ErrorLog 99
    IDE 1
    LstTitleLeftAligned 1
Licensee: Small MUD - 5 User License                     S210824|0002AO-GEN
          UVSQ, LSCE                                                DC15537
          C:\Users\mastr\OneDrive\Documenti\GAMS\gamslice.txt
          License Admin: Katsumasa Tanaka, katsumasa.tanaka@lsce.ipsl.fr   
Processor information: 1 socket(s), 10 core(s), and 12 thread(s) available
GAMS 40.3.0   Copyright (C) 1987-2022 GAMS Development. All rights reserved
--- Starting compilation
--- ACC2_main_future_overshoot.gms(125) 3 Mb
--- . ACC2_set_common.inc(117) 3 Mb
--- ACC2_main_future_overshoot.gms(126) 3 Mb
--- . ACC2_constants_common.inc(626) 3 Mb
--- ACC2_main_future_overshoot.gms(127) 3 Mb
--- . ACC2_variables_common.inc(573) 3 Mb
--- ACC2_main_future_overshoot.gms(128) 3 Mb
--- . ACC2_scenarios_future.inc(45400) 10 Mb
--- ACC2_main_future_overshoot.gms(129) 10 Mb
--- . ACC2_settings_future.inc(251) 10 Mb
--- ACC2_main_future_overshoot.gms(130) 10 Mb
--- . ACC2_bounds_future.inc(289) 10 Mb
--- ACC2_main_future_overshoot.gms(131) 10 Mb
--- . ACC2_switchboard_common.inc(257) 10 Mb
--- ACC2_main_future_overshoot.gms(132) 10 Mb
--- . ACC2_init_future.inc(522) 10 Mb
--- ACC2_main_future_overshoot.gms(133) 10 Mb
--- . ACC2_equations_common.inc(1281) 10 Mb
--- ACC2_main_future_overshoot.gms(134) 10 Mb
--- . ACC2_abatement_future_fixCH4N2O_15.inc(508) 10 Mb
--- ACC2_main_future_overshoot.gms(333) 10 Mb
--- . ACC2_outputs_future.inc(391) 10 Mb
--- ACC2_main_future_overshoot.gms(334) 10 Mb
--- . ACC2_alert_future.inc(76) 10 Mb
--- ACC2_main_future_overshoot.gms(335) 10 Mb
--- Starting execution: elapsed 0:00:00.722
--- ACC2_main_future_overshoot.gms(50041) 20 Mb
--- GDXin=C:\Users\mastr\Documents\LSCE\ACC2_ssp_rcp_standard_overshoot_CO2_15\FUTURE_p.gdx
--- ACC2_main_future_overshoot.gms(50041) 31 Mb
--- GDX File (execute_load) C:\Users\mastr\Documents\LSCE\ACC2_ssp_rcp_standard_overshoot_CO2_15\FUTURE_p.gdx
--- Generating NLP model FUTURE
--- ACC2_main_future_overshoot.gms(50043) 117 Mb
---   134,270 rows  171,682 columns  1,029,897 non-zeroes
---   2,591,403 nl-code  661,431 nl-non-zeroes
--- Range statistics (absolute non-zero finite values)
--- RHS       [min, max] : [ 2.262E-05, 4.235E+02] - Zero values observed as well
--- Bound     [min, max] : [ 1.000E-06, 3.000E+05] - Zero values observed as well
--- Matrix    [min, max] : [ 1.020E-20, 1.050E+04] - Zero values observed as well
--- ACC2_main_future_overshoot.gms(50043) 103 Mb
--- Executing CONOPT3 (Solvelink=2): elapsed 0:00:02.058

CONOPT 3         40.3.0 f227c22a Sep 16, 2022          WEI x86 64bit/MS Window


Reading parameter(s) from "C:\Users\mastr\Documents\LSCE\ACC2_ssp_rcp_standard_overshoot_CO2_15\conopt3.opt"
>>  ********** ACC2 version 3.1.0. *****************************************************************************************
>>  ********** CONOPT options ==============================================================================================
>>  * General strategy to use CONOPT options:
>>  * According to Arne Stolbjerg Drud (personal communication on Oct. 3, 2005) at ARKI, they attempt to creat a system
>>  * in a way that a user should not be concerned with options. Unfortunately, the state of the art for nonlinear
>>  * programming is not yet at a stage where options can be avoided completely.
>>  * But one should always try to start without any options and then add a few if they become necessary.
>>  *
>>  * Maximum feasibility tolerance: a constraint will only be considered feasible if the residual is less than
>>  * rtnwma times MaxJac.
>>  * RTNWMA 1.e-6 (default 1.e-3)
>>  *
>>  * Minmum feasibility tolerance: a constraint will always be considered feasible if...
>>  * RTNWMI 4.e-10 (default 4.e-10)
>>  *
>>  * Maximum Hessian dimension: if the number of superbasics exceeds lfnsup, CONOPT will no longer use the BFGS algorighm
>>  * but will switch to a steepest descend approach.
>>  * CONOPT2 and 3 react very differently.
>>  * There has been a problem for CONOPT3 where a reasonable solution (1 normal completion and 2 locally optimal) is
>>  * aparantly reached whereas there are some slacks left in the equations. When this happens, one should run the model
>>  * again and often a correct solution can then be found. According to Arne Stolbjerg Drud (personal communication,
>>  * Oct. 24, 2006), this problem in CONOPT3 will be fixed in the next version. He suggests that for now, LFNSUP be changed
>>  * from 1000 to 1500 or 2000. When the model runs, the 'NSB' column in the log-file has numbers around 1265 most of the
>>  * time. In order to estimate good 2nd order information, lfnsup should be larger than 1265. It seems to give some
>>  * speedup for the algorithm.
>>  LFNSUP = 2000
>>  *
>>  * Maximum Jacobian element
>>  * rtmaxj of 2.d7 led to warming, but that of 1.d7 went through.
>>  * The following choice is made by Arne Stolbjerg Drud experimentally.
>>  * According to Drud (personal communication on Oct. 3, 2005), the Rtmaxv and Rtmaxj options are necessary,
>>  * being related to large variables, which cannot be properly scaled automatically at this stage.
>>  RTMAXJ = 1.e15
>>  *
>>  * Internal value of infinity
>>  * My choice was 8.0E+07.
>>  * See the note above for TRMAXJ
>>  RTMAXV = 1.d50
*** Value Error line 38: Value brought in range for option "RTMAXV" saw "1E50"
*** Value Error line 38:    Value set to 1E30
>>  *
>>  * The optimization is stopped with a "slow progress" message if the change in objective is less than
>>  * 10*rtobjr*max(1, abs(FOBJ)) for lfnicr consecutive iterations when FOBJ is the value of the current objective function.
>>  LFNICR = 500
>>  *
>>  * Reduced gradient less than tolerance: the largest component of the reduced gradient is less than the tolerance rtredy.
>>  * default 9.d-8
>>  RTREDG = 9.d-6
>>  * The following is a quote from my email communication with Drud on Oct. 12, 2005.
>>  * Once a feasible solution has been found CONOPT will move in a direction suggested by the reduced gradient
>>  * until the reduced gradient becomes smaller than the optimality tolerance, Rtredg.
>>  * During this process the objective function must be reduced monotonically.
>>  * Sometimes, it is not possible to reduce the objective function even though the reduced gradient is not very small and
>>  * CONOPT will terminate with some kind of message about 'Slow convergence' and you will see NOPT with some variables.
>>  * Having a larger Rtredg will remove these NOPT messages, but it may also mean that CONOPT terminates too early
>>  * while it is still possible to get a better solution.
>>  * Slow convergence can happen for very large model or model for which CONOPT's scaling procedure does not work well.
>>  *
>>  * Maximum number of stalled iteration
>>  * Default 100
>>  * LFSTAL 100
>>  * LFILOG 5000
>>  * lfmxns 0
>>  *
>>  * Alternative method: It can make larger steps and therefore better reductions in the sum of infeasibilities,
>>  * and it is not very sensitive to degeneracies.
>>  * According to Drud (personal communication on Oct. 3, 2005), the lmmxsf option should be fine now.
>>  * This option has now been used by many users for many years without any error reports recently.
>>  * lmmxsf 1
>>  *
>>  * Upon slow convergence, increase rtredg and/or decrease lfnicr
>>  *
>>  * Triangular crash turned on as suggested by Drud (personal communication on Oct. 11, 2005).
>>  * lstcrs = true
Finished reading from "C:\Users\mastr\Documents\LSCE\ACC2_ssp_rcp_standard_overshoot_CO2_15\conopt3.opt"

 
 
    C O N O P T 3   version 3.17M
    Copyright (C)   ARKI Consulting and Development A/S
                    Bagsvaerdvej 246 A
                    DK-2880 Bagsvaerd, Denmark
 
 
   Iter Phase Ninf   Infeasibility   RGmax    NSB   Step InItr MX OK
      0   0        1.6436725339E+08 (Input point)
 
                   Pre-triangular equations:   64494
                   Post-triangular equations:  19344
                   Definitional equations:     17979
 
      1   0        2.2327745205E-09 (After pre-processing)
      2   0        3.9792925138E-12 (After scaling)
 
 ** Feasible solution. Value of objective =    31841.1921654
 
   Iter Phase Ninf     Objective     RGmax    NSB   Step InItr MX OK
      3   3        3.1841192135E+04 1.0E+02    46 1.0E+00    3 T  T
      4   3        3.1782497996E+04 5.3E+03    44 1.0E+00    1 T  T
      5   3        3.1778803656E+04 8.2E+02    56 1.0E+00   12 T  T
      6   3        3.1762970923E+04 3.8E+01    53 5.8E-01    7 F  T
      7   3        3.1762969142E+04 5.9E+04    87 3.3E-01   23 F  T
      8   3        3.1762969133E+04 1.0E+04   269 3.0E-14      T  T
      9   3        3.1762969120E+04 2.1E+02   180 3.5E-11      T  T
     10   3        3.1762969096E+04 2.1E+02   179 1.5E-10      F  T
     11   3        3.1762969100E+04 8.2E+01   134 3.8E-12      T  T
     12   3        3.1762969095E+04 8.2E+01   133 1.7E-10      T  T
   Elapsed time       31.0 seconds.
 
   Iter Phase Ninf     Objective     RGmax    NSB   Step InItr MX OK
     13   3        3.1762969089E+04 8.2E+01   132 2.9E-10      T  T
     14   3        3.1762969089E+04 8.2E+01   131 5.3E-12      T  T
     15   3        3.1762969088E+04 8.2E+01   130 7.2E-11      T  T
     16   3        3.1762969086E+04 8.2E+01   129 1.1E-10      T  T
     17   3        3.1762969083E+04 8.2E+01   128 1.6E-10      T  T
     18   3        3.1762969083E+04 8.2E+01   127 2.6E-11      T  T
     19   3        3.1762969081E+04 8.2E+01   126 1.5E-10      T  T
     20   3        3.1762969080E+04 8.2E+01   125 6.2E-11      T  T
     21   3        3.1762969079E+04 8.2E+01   124 6.0E-11      T  T
     22   3        3.1762969077E+04 8.2E+01   123 2.2E-10      T  T
 
   Iter Phase Ninf     Objective     RGmax    NSB   Step InItr MX OK
     23   3        3.1762969074E+04 3.3E+01    75 1.0E+00    3 T  T
     24   3        3.1760639100E+04 2.8E+01    68 1.0E+00    1 T  T
     25   3        3.1752644595E+04 5.9E+02    99 4.4E-01    6 F  T
     26   3        3.1749665318E+04 6.1E+02    73 3.6E-01    6 F  T
     27   3        3.1749642000E+04 5.9E+02   168 4.4E-08      T  T
     28   3        3.1748023374E+04 5.9E+02   167 3.1E-06      T  T
     29   3        3.1747061865E+04 3.1E+02   166 6.3E-06      T  T
     30   3        3.1746900376E+04 3.0E+02   165 3.1E-06      T  T
     31   3        3.1745860975E+04 1.7E+01    64 2.8E-01    3 F  T
     32   3        3.1744932259E+04 1.9E+01    64 1.0E+00    2 T  T
   Elapsed time       92.1 seconds.
 
   Iter Phase Ninf     Objective     RGmax    NSB   Step InItr MX OK
     33   3        3.1744498049E+04 2.5E+02    95 3.4E-01    1 F  T
     34   3        3.1744489561E+04 5.8E+03    65 4.2E-02    4 F  T
     35   3        3.1744489391E+04 5.7E+03   142 6.5E-12      T  T
     36   3        3.1744489327E+04 3.4E+03   143 5.7E-12      F  T
     37   3        3.1744489327E+04 1.3E+03   258 0.0E+00      T  T
     38   3        3.1744489163E+04 2.4E+02   257 3.0E-09      T  T
     39   3        3.1744417467E+04 2.4E+02   256 1.3E-06      T  T
     40   3        3.1744417431E+04 7.8E+01   258 8.0E-09      F  T
     41   3        3.1744417422E+04 3.5E+00   258 1.2E-07      T  T
     42   3        3.1744417342E+04 3.5E+00   257 1.6E-06      T  T
 
   Iter Phase Ninf     Objective     RGmax    NSB   Step InItr MX OK
     43   3        3.1744417337E+04 3.5E+00   256 4.5E-08      T  T
     44   3        3.1744232070E+04 3.5E+00   255 5.5E-03      F  T
     45   3        3.1744232058E+04 9.0E+00   209 7.5E-08      T  T
     46   3        3.1744232018E+04 7.4E+00   208 9.6E-07      F  T
     47   3        3.1744231959E+04 5.0E+00   208 1.5E-06      T  T
     48   3        3.1744231954E+04 1.9E+02   153 2.9E-10      F  T
     49   3        3.1744231954E+04 2.5E+00   260 2.7E-09      T  T
     50   3        3.1744231956E+04 2.5E+00   259 1.4E-07      T  T
     51   3        3.1744231956E+04 2.5E+00   258 1.9E-09      T  T
     52   3        3.1744231826E+04 2.5E+00   257 4.4E-06      T  T
   Elapsed time      128.7 seconds.
 
   Iter Phase Ninf     Objective     RGmax    NSB   Step InItr MX OK
     53   3        3.1744079618E+04 9.0E+01    93 1.7E-01    1 F  T
     54   3        3.1743941450E+04 2.8E+01    65 2.1E-01    2 F  T
     55   3        3.1743902981E+04 7.4E+01   156 8.2E-06      T  T
     56   3        3.1743902978E+04 2.2E+00   156 1.2E-07      T  T
     57   3        3.1743902978E+04 2.2E+00   155 0.0E+00      T  T
     58   3        3.1743812274E+04 2.2E+00   154 6.8E-03      F  T
     59   3        3.1743810445E+04 4.1E+00   255 7.6E-05      F  T
     60   3        3.1743808666E+04 7.3E+00   255 4.3E-05      T  T
     61   3        3.1743808666E+04 5.7E+02   140 0.0E+00      T  T
     62   3        3.1743808666E+04 5.7E+00   134 0.0E+00      T  T
 
   Iter Phase Ninf     Objective     RGmax    NSB   Step InItr MX OK
     63   3        3.1743702004E+04 1.9E+00   133 7.0E-03      F  T
     64   3        3.1743602020E+04 1.9E+00   166 8.0E-03      F  T
     65   4        3.1743124487E+04 1.8E+00   166 2.4E+00      T  T
     66   4        3.1742052137E+04 1.7E+00   165 2.8E+00      F  T
     67   4        3.1741737273E+04 2.6E+00   165 2.2E+00      F  T
     68   4        3.1740973820E+04 2.5E+00   253 1.0E+00    2 T  T
     69   4        3.1736052025E+04 2.8E+03   252 1.0E+00    8 T  T
     70   4        3.1734962162E+04 3.1E+01   246 1.0E+00    6 T  T
     71   4        3.1734297823E+04 1.4E+02   247 1.0E+00    4 T  T
     72   4        3.1732819970E+04 1.0E+02   247 1.0E+00    9 T  T
 
   Iter Phase Ninf     Objective     RGmax    NSB   Step InItr MX OK
     73   4        3.1732751299E+04 2.4E+02   242 1.0E+00    7 T  T
     74   4        3.1732749157E+04 6.5E+03   244 1.0E+00    3 T  T
     75   4        3.1732746127E+04 1.1E+02   252 1.1E+01   11 F  T
     76   4        3.1732745224E+04 2.2E+03   252 1.0E+00   11 T  T
     77   4        3.1732718901E+04 2.3E+02   242 1.0E+00    4 T  T
     78   4        3.1732718901E+04 3.2E+03   243 1.0E+00    2 F  T
     79   4        3.1732709743E+04 1.0E+00   242 1.0E+00    4 T  T
     80   4        3.1732709647E+04 4.3E+02   249 1.0E+00   12 F  T
     81   4        3.1732709636E+04 5.8E+00   240 1.0E+00    3 T  T
     82   4        3.1732709636E+04 1.1E+02   248 0.0E+00   10 T  T
 
   Iter Phase Ninf     Objective     RGmax    NSB   Step InItr MX OK
     83   4        3.1732709574E+04 8.4E+01   191 9.6E+00      T  T
     84   4        3.1732709562E+04 1.1E+03   240 1.0E+00    2 T  T
     85   4        3.1732708096E+04 2.9E+01    46 4.6E+01    3 T  T
     86   4        3.1732708083E+04 2.3E+03    55 1.4E+00    1 F  T
     87   4        3.1732708062E+04 1.1E+01   249 1.0E+00    9 T  T
     88   4        3.1732698390E+04 6.7E+00   241 1.0E+00    8 T  T
     89   4        3.1732698378E+04 4.2E+01   236 1.0E+00    1 F  T
     90   4        3.1732694679E+04 1.3E+00   236 1.0E+00    7 T  T
     91   4        3.1732694669E+04 3.9E+01   234 1.0E+00    1 F  T
     92   4        3.1732694669E+04 1.3E+00   235 1.0E+00    1 T  T
 
   Iter Phase Ninf     Objective     RGmax    NSB   Step InItr MX OK
     93   4        3.1732693427E+04 5.3E-03   238 1.0E+00    4 T  T
     94   4        3.1732690845E+04 1.1E+01   237 1.0E+00   10 T  T
     95   4        3.1732690842E+04 1.6E+01   236 1.0E+00    1 T  T
     96   4        3.1732690698E+04 2.2E+02   238 1.0E+00    8 T  T
     97   4        3.1732690697E+04 5.3E+04   239 1.0E+00    1 F  T
     98   4        3.1732690389E+04 1.2E+01   239 1.0E+00    8 T  T
     99   4        3.1732690317E+04 3.3E-01   234 1.0E+00    4 T  T
    100   4        3.1732690317E+04 2.7E-01   235 1.0E+00    3 T  T
    101   3        3.1732690318E+04 2.6E+01    50 0.0E+00      T  T
    102   3        3.1732690318E+04 1.2E+01    42 0.0E+00      T  T
   Elapsed time      162.2 seconds.
 
   Iter Phase Ninf     Objective     RGmax    NSB   Step InItr MX OK
    103   3        3.1732690317E+04 9.7E+00    42 1.4E-08      F  T
    104   3        3.1732690317E+04 1.4E+00    43 0.0E+00      T  T
    105   3        3.1732690317E+04 1.4E-01    43 4.5E-08      F  T
    106   3        3.1732690317E+04 2.1E-01    43 2.0E-08      F  T
    107   4        3.1732690317E+04 1.4E-01   187 7.3E+00      F  T
    108   4        3.1732690305E+04 2.3E-03   240 1.0E+00    2 F  T
    109   4        3.1732690278E+04 2.5E-02   240 1.0E+00    8 T  T
    110   4        3.1732690269E+04 2.7E+00   238 1.0E+00    3 T  T
    111   4        3.1732690268E+04 7.7E+00   238 1.0E+00    1 F  T
    112   4        3.1732690234E+04 2.3E+01   239 1.0E+00    8 T  T
 
   Iter Phase Ninf     Objective     RGmax    NSB   Step InItr MX OK
    113   4        3.1732690233E+04 4.8E+00   236 1.0E+00    2 F  T
    114   4        3.1732690174E+04 1.6E-01   240 1.0E+00   12 T  T
    115   4        3.1732690174E+04 2.6E+00   245 0.0E+00    9 T  T
    116   4        3.1732690174E+04 2.6E+00   238 0.0E+00    2 T  T
    117   4        3.1732690174E+04 2.6E+00   237 1.0E+00    1 F  T
    118   4        3.1732690167E+04 1.3E-01   238 1.0E+00    5 T  T
    119   4        3.1732690167E+04 6.0E-01   237 1.0E+00    1 F  T
    120   4        3.1732690159E+04 1.1E+01   236 1.0E+00    4 T  T
    121   4        3.1732690159E+04 1.7E+00   245 0.0E+00    9 T  T
    122   4        3.1732690159E+04 9.0E-01   238 1.0E+00    1 T  T
 
   Iter Phase Ninf     Objective     RGmax    NSB   Step InItr MX OK
    123   4        3.1732690148E+04 7.4E-03   236 1.0E+00    6 T  T
    124   4        3.1732690148E+04 2.8E+00   236 1.0E+00    1 T  T
    125   4        3.1732690148E+04 6.2E-01   236 1.0E+00    1 F  T
    126   4        3.1732690136E+04 3.4E+00   235 1.0E+00    5 T  T
    127   4        3.1732690136E+04 3.3E+01   235 1.0E+00    1 F  T
    128   4        3.1732690130E+04 8.3E-01   236 1.0E+00    5 T  T
    129   4        3.1732690112E+04 4.9E-01   234 1.0E+00    8 T  T
    130   4        3.1732690112E+04 2.6E-01   234 1.0E+00    3 T  T
    131   4        3.1732690112E+04 2.3E-01   235 1.0E+00    2 F  T
    132   4        3.1732690112E+04 5.1E-01   235 1.0E+00    1 T  T
 
   Iter Phase Ninf     Objective     RGmax    NSB   Step InItr MX OK
    133   4        3.1732690106E+04 1.1E-03   234 1.0E+00    7 T  T
    134   4        3.1732690106E+04 1.5E+01   235 1.0E+00    4 F  T
    135   4        3.1732690106E+04 1.7E+01   244 1.0E+00    8 T  T
    136   4        3.1732690106E+04 3.8E-01   241 0.0E+00    8 T  T
    137   4        3.1732690106E+04 3.8E-01   235 1.0E+00    4 T  T
    138   4        3.1732690106E+04 5.2E-01   236 1.0E+00    4 T  T
    139   4        3.1732690103E+04 1.8E-03   234 1.0E+00   12 T  T
    140   4        3.1732690103E+04 3.4E-01   234 1.0E+00    1 T  T
    141   4        3.1732690101E+04 3.6E-02   234 1.0E+00    8 F  T
    142   4        3.1732690091E+04 5.3E-04   234 1.0E+00   16 T  T
 
   Iter Phase Ninf     Objective     RGmax    NSB   Step InItr MX OK
    143   4        3.1732690080E+04 2.3E+00   231 1.0E+00   22 T  T
    144   4        3.1732690079E+04 5.4E+01   240 1.0E+00    6 F  T
    145   4        3.1732690078E+04 9.6E-01   239 1.0E+00   12 T  T
    146   4        3.1732690054E+04 1.5E+00   231 1.0E+00   17 T  T
    147   4        3.1732690054E+04 2.5E+01   236 1.0E+00   10 F  T
    148   4        3.1732690054E+04 2.5E+00   238 0.0E+00   10 T  T
    149   4        3.1732690054E+04 2.5E+00   230 1.0E+00    2 F  T
    150   4        3.1732690053E+04 1.1E-01   233 1.0E+00   11 T  T
    151   4        3.1732690053E+04 2.0E-01   229 1.8E-01    9 F  T
    152   4        3.1732690053E+04 8.5E+02   234 1.0E+00    1 F  T
   Elapsed time      201.2 seconds.
 
   Iter Phase Ninf     Objective     RGmax    NSB   Step InItr MX OK
    153   4        3.1732690053E+04 6.4E+00   241 1.0E+00   19 T  T
    154   4        3.1732690050E+04 3.7E+00   227 1.0E+00    6 T  T
    155   4        3.1732690049E+04 2.6E+00   224 1.0E+00    5 T  T
    156   4        3.1732690049E+04 8.3E+00   233 0.0E+00   10 T  T
    157   4        3.1732690049E+04 8.3E+00   224 1.0E+00    2 F  T
    158   4        3.1732690048E+04 6.6E-03   225 1.0E+00    3 F  T
    159   4        3.1732690047E+04 2.3E-05   227 1.0E+00   13 T  T
    160   4        3.1732690047E+04 2.3E-05   225 1.0E+00    8 F  T
    161   4        3.1732690047E+04 4.6E-06   225
 
 ** Optimal solution. Reduced gradient less than tolerance.
 
--- Reading solution for model FUTURE
--- ACC2_main_future_overshoot.gms(50043) 103 Mb  208 secs
--- GDX Point C:\Users\mastr\Documents\LSCE\ACC2_ssp_rcp_standard_overshoot_CO2_15\FUTURE_p.gdx
--- Executing after solve: elapsed 0:03:32.244
--- ACC2_main_future_overshoot.gms(50624) 103 Mb
--- Putfile results_future_scn C:\Users\mastr\Documents\LSCE\ACC2_ssp_rcp_standard_overshoot_CO2_15\results_future_scn.csv
--- Putfile OUT_FUTURE_A C:\Users\mastr\Documents\LSCE\ACC2_ssp_rcp_standard_overshoot_CO2_15\out_future_a.dat
--- Putfile OUT_FUTURE_B C:\Users\mastr\Documents\LSCE\ACC2_ssp_rcp_standard_overshoot_CO2_15\out_future_b.dat
--- Putfile OUT_FUTURE_SCN C:\Users\mastr\Documents\LSCE\ACC2_ssp_rcp_standard_overshoot_CO2_15\out_future_scn.dat
--- Putfile OUT_FUTURE_1 C:\Users\mastr\Documents\LSCE\ACC2_ssp_rcp_standard_overshoot_CO2_15\out_future_1.dat
--- Putfile OUT_FUTURE_RCMIP C:\Users\mastr\Documents\LSCE\ACC2_ssp_rcp_standard_overshoot_CO2_15\out_future_rcmip.dat
--- Putfile OUT_PAST_RF C:\Users\mastr\Documents\LSCE\ACC2_ssp_rcp_standard_overshoot_CO2_15\out_future_RF.dat
--- Putfile OUT_FUTURE_ALERT C:\Users\mastr\Documents\LSCE\ACC2_ssp_rcp_standard_overshoot_CO2_15\out_future_alert.dat
--- Profile Summary (2 records processed)
   207.656   0.103GB     50043 Solve Alg  FUTURE
     2.531   0.103GB     50043 Solve Read FUTURE
*** Status: Normal completion
--- Job ACC2_main_future_overshoot.gms Stop 10/17/23 12:01:35 elapsed 0:03:32.399
