
--- Job ACC2_main_future_overshoot_noloop.gms Start 07/08/22 11:05:00 38.1.0 a1a3b545 DEX-DEG x86 64bit/Mac OS X
--- Applying:
    /Library/Frameworks/GAMS.framework/Versions/38/Resources/gmsprmun.txt
--- GAMS Parameters defined
    Input /Users/mmastro/Documents/GAMS/Studio/workspace/ACC2_v420_m1_NoCCF_Fscl_CS30_ST20_D4_A2rG4_ssp_rcp_standard_overshoot_noLOOP/ACC2_main_future_overshoot_noloop.gms
    PageSize 0
    ScrDir /Users/mmastro/Documents/GAMS/Studio/workspace/ACC2_v420_m1_NoCCF_Fscl_CS30_ST20_D4_A2rG4_ssp_rcp_standard_overshoot_noLOOP/225h/
    SysDir /Library/Frameworks/GAMS.framework/Versions/38/Resources/
    LogOption 3
    ErrMsg 1
    ErrorLog 99
    IDE 1
    LstTitleLeftAligned 1
Licensee: Small MUD - 5 User License                     S210824|0002AO-GEN
          UVSQ, LSCE                                                DC15537
          /Users/mmastro/Library/Application Support/GAMS/gamslice.txt
          License Admin: Katsumasa Tanaka, katsumasa.tanaka@lsce.ipsl.fr   
Processor information: 1 socket(s), 4 core(s), and 8 thread(s) available
GAMS 38.1.0   Copyright (C) 1987-2022 GAMS Development. All rights reserved
--- Starting compilation
--- ACC2_main_future_overshoot_noloop.gms(125) 3 Mb
--- . ACC2_set_common.inc(117) 3 Mb
--- ACC2_main_future_overshoot_noloop.gms(126) 3 Mb
--- . ACC2_constants_common.inc(626) 3 Mb
--- ACC2_main_future_overshoot_noloop.gms(127) 3 Mb
--- . ACC2_variables_common.inc(573) 3 Mb
--- ACC2_main_future_overshoot_noloop.gms(128) 3 Mb
--- . ACC2_scenarios_future.inc(45400) 10 Mb
--- ACC2_main_future_overshoot_noloop.gms(129) 10 Mb
--- . ACC2_settings_future.inc(251) 10 Mb
--- ACC2_main_future_overshoot_noloop.gms(130) 10 Mb
--- . ACC2_bounds_future.inc(289) 10 Mb
--- ACC2_main_future_overshoot_noloop.gms(131) 10 Mb
--- . ACC2_switchboard_common.inc(257) 10 Mb
--- ACC2_main_future_overshoot_noloop.gms(132) 10 Mb
--- . ACC2_init_future.inc(522) 10 Mb
--- ACC2_main_future_overshoot_noloop.gms(133) 10 Mb
--- . ACC2_equations_common.inc(1281) 10 Mb
--- ACC2_main_future_overshoot_noloop.gms(134) 10 Mb
--- . ACC2_abatement_future_fixCO2.inc(498) 10 Mb
--- ACC2_main_future_overshoot_noloop.gms(256) 10 Mb
--- . ACC2_outputs_future.inc(391) 10 Mb
--- ACC2_main_future_overshoot_noloop.gms(257) 10 Mb
--- . ACC2_alert_future.inc(76) 10 Mb
--- ACC2_main_future_overshoot_noloop.gms(258) 10 Mb
--- Starting execution: elapsed 0:00:00.788
--- ACC2_main_future_overshoot_noloop.gms(50031) 20 Mb
--- GDXin=/Users/mmastro/Documents/GAMS/Studio/workspace/ACC2_v420_m1_NoCCF_Fscl_CS30_ST20_D4_A2rG4_ssp_rcp_standard_overshoot_noLOOP/FUTURE_p.gdx
--- ACC2_main_future_overshoot_noloop.gms(50031) 31 Mb
--- GDX File (execute_load) /Users/mmastro/Documents/GAMS/Studio/workspace/ACC2_v420_m1_NoCCF_Fscl_CS30_ST20_D4_A2rG4_ssp_rcp_standard_overshoot_noLOOP/FUTURE_p.gdx
--- Generating NLP model FUTURE
--- ACC2_main_future_overshoot_noloop.gms(50033) 117 Mb
---   134,270 rows  171,680 columns  1,027,893 non-zeroes
---   2,586,894 nl-code  659,928 nl-non-zeroes
--- ACC2_main_future_overshoot_noloop.gms(50033) 103 Mb
--- Executing CONOPT3 (Solvelink=2): elapsed 0:00:02.294

CONOPT 3         38.1.0 a1a3b545 Jan 31, 2022          DEG x86 64bit/Mac OS X 


Reading parameter(s) from "/Users/mmastro/Documents/GAMS/Studio/workspace/ACC2_v420_m1_NoCCF_Fscl_CS30_ST20_D4_A2rG4_ssp_rcp_standard_overshoot_noLOOP/conopt3.opt"
>>  ********** ACC2 version 3.1.0. *****************************************************************************************
>>  ********** CONOPT options ==============================================================================================
>>  * General strategy to use CONOPT options:
>>  * According to Arne Stolbjerg Drud (personal communication on Oct. 3, 2005) at ARKI, they attempt to creat a system
>>  * in a way that a user should not be concerned with options. Unfortunately, the state of the art for nonlinear
>>  * programming is not yet at a stage where options can be avoided completely.
>>  * But one should always try to start without any options and then add a few if they become necessary.
>>  *
>>  * Maximum feasibility tolerance: a constraint will only be considered feasible if the residual is less than
>>  * rtnwma times MaxJac.
>>  * RTNWMA 1.e-6 (default 1.e-3)
>>  *
>>  * Minmum feasibility tolerance: a constraint will always be considered feasible if...
>>  * RTNWMI 4.e-10 (default 4.e-10)
>>  *
>>  * Maximum Hessian dimension: if the number of superbasics exceeds lfnsup, CONOPT will no longer use the BFGS algorighm
>>  * but will switch to a steepest descend approach.
>>  * CONOPT2 and 3 react very differently.
>>  * There has been a problem for CONOPT3 where a reasonable solution (1 normal completion and 2 locally optimal) is
>>  * aparantly reached whereas there are some slacks left in the equations. When this happens, one should run the model
>>  * again and often a correct solution can then be found. According to Arne Stolbjerg Drud (personal communication,
>>  * Oct. 24, 2006), this problem in CONOPT3 will be fixed in the next version. He suggests that for now, LFNSUP be changed
>>  * from 1000 to 1500 or 2000. When the model runs, the 'NSB' column in the log-file has numbers around 1265 most of the
>>  * time. In order to estimate good 2nd order information, lfnsup should be larger than 1265. It seems to give some
>>  * speedup for the algorithm.
>>  LFNSUP = 2000
>>  *
>>  * Maximum Jacobian element
>>  * rtmaxj of 2.d7 led to warming, but that of 1.d7 went through.
>>  * The following choice is made by Arne Stolbjerg Drud experimentally.
>>  * According to Drud (personal communication on Oct. 3, 2005), the Rtmaxv and Rtmaxj options are necessary,
>>  * being related to large variables, which cannot be properly scaled automatically at this stage.
>>  RTMAXJ = 1.e15
>>  *
>>  * Internal value of infinity
>>  * My choice was 8.0E+07.
>>  * See the note above for TRMAXJ
>>  RTMAXV = 1.d50
*** Value Error line 38: Value brought in range for option "RTMAXV" saw "1E50"
*** Value Error line 38:    Value set to 1E30
>>  *
>>  * The optimization is stopped with a "slow progress" message if the change in objective is less than
>>  * 10*rtobjr*max(1, abs(FOBJ)) for lfnicr consecutive iterations when FOBJ is the value of the current objective function.
>>  LFNICR = 500
>>  *
>>  * Reduced gradient less than tolerance: the largest component of the reduced gradient is less than the tolerance rtredy.
>>  * default 9.d-8
>>  RTREDG = 9.d-6
>>  * The following is a quote from my email communication with Drud on Oct. 12, 2005.
>>  * Once a feasible solution has been found CONOPT will move in a direction suggested by the reduced gradient
>>  * until the reduced gradient becomes smaller than the optimality tolerance, Rtredg.
>>  * During this process the objective function must be reduced monotonically.
>>  * Sometimes, it is not possible to reduce the objective function even though the reduced gradient is not very small and
>>  * CONOPT will terminate with some kind of message about 'Slow convergence' and you will see NOPT with some variables.
>>  * Having a larger Rtredg will remove these NOPT messages, but it may also mean that CONOPT terminates too early
>>  * while it is still possible to get a better solution.
>>  * Slow convergence can happen for very large model or model for which CONOPT's scaling procedure does not work well.
>>  *
>>  * Maximum number of stalled iteration
>>  * Default 100
>>  * LFSTAL 100
>>  * LFILOG 5000
>>  * lfmxns 0
>>  *
>>  * Alternative method: It can make larger steps and therefore better reductions in the sum of infeasibilities,
>>  * and it is not very sensitive to degeneracies.
>>  * According to Drud (personal communication on Oct. 3, 2005), the lmmxsf option should be fine now.
>>  * This option has now been used by many users for many years without any error reports recently.
>>  * lmmxsf 1
>>  *
>>  * Upon slow convergence, increase rtredg and/or decrease lfnicr
>>  *
>>  * Triangular crash turned on as suggested by Drud (personal communication on Oct. 11, 2005).
>>  * lstcrs = true
Finished reading from "/Users/mmastro/Documents/GAMS/Studio/workspace/ACC2_v420_m1_NoCCF_Fscl_CS30_ST20_D4_A2rG4_ssp_rcp_standard_overshoot_noLOOP/conopt3.opt"

 
 
    C O N O P T 3   version 3.17K
    Copyright (C)   ARKI Consulting and Development A/S
                    Bagsvaerdvej 246 A
                    DK-2880 Bagsvaerd, Denmark
 
 
   Iter Phase Ninf   Infeasibility   RGmax    NSB   Step InItr MX OK
      0   0        1.5009208848E+01 (Input point)
 
                   Pre-triangular equations:   65474
                   Post-triangular equations:  18864
                   Definitional equations:     17479
 
      1   0        7.5088946057E+00 (After pre-processing)
      2   0        7.5088946015E+00 (After scaling)
      3   0     0  7.5088946015E+00               0.0E+00      T  T
      4   0     0  7.5088946015E+00               0.0E+00      F  F
      5   0     1  7.5088946015E+00               0.0E+00      T  T
      6   0     2  7.5088946015E+00               0.0E+00      T  T
      7   0     3  7.5088946015E+00               0.0E+00      T  T
      8   0     4  7.5088946015E+00               0.0E+00      T  T
      9   0     5  7.5088946015E+00               0.0E+00      T  T
 
   Iter Phase Ninf   Infeasibility   RGmax    NSB   Step InItr MX OK
     10   0     6  7.5088946015E+00               0.0E+00      T  T
     11   0     6  7.4554412437E+00               9.1E-03      T  T
     12   0     6  7.1257445310E+00               5.4E-02      T  T
     13   0     6  6.9118647751E+00               4.3E-02      T  T
     14   0     6  6.7494403539E+00               5.6E-02      T  T
     15   0     6  6.6009285615E+00               2.3E-02      T  T
     16   0     6  6.4992384062E+00               1.7E-02      T  T
     17   0     6  6.4656549647E+00               5.9E-03      T  T
     18   0     6  6.4393943167E+00               4.7E-03      T  T
     19   0     6  6.4351240050E+00               7.8E-04      T  T
 
   Iter Phase Ninf   Infeasibility   RGmax    NSB   Step InItr MX OK
     20   0     6  6.3473196040E+00               1.6E-02      T  T
     21   0     6  6.2673306979E+00               1.6E-02      T  T
     22   0     6  6.2305793792E+00               6.1E-03      T  T
     23   0     6  6.2011623029E+00               5.0E-03      T  T
     24   0     6  6.1659224821E+00               6.1E-03      T  T
     25   0     6  6.1392200721E+00               4.7E-03      T  T
     26   0     6  6.1056370323E+00               6.1E-03      T  T
     27   0     6  6.0814951159E+00               4.5E-03      T  T
     28   0     6  6.0494702333E+00               6.1E-03      T  T
     29   0     6  6.0278130780E+00               4.2E-03      T  T
 
   Iter Phase Ninf   Infeasibility   RGmax    NSB   Step InItr MX OK
     30   0     6  5.9974207767E+00               6.1E-03      T  T
     31   0     6  5.9780137992E+00               4.0E-03      T  T
     32   0     6  5.9429172483E+00               6.1E-03      T  T
     33   0     6  5.9216631889E+00               3.8E-03      T  T
     34   0     6  5.8881684487E+00               6.1E-03      T  T
     35   0     6  5.8692330206E+00               3.5E-03      T  T
     36   0     6  5.8374449339E+00               6.0E-03      T  T
     37   0     6  5.8205955027E+00               3.3E-03      T  T
     38   0     6  5.7905463706E+00               6.0E-03      T  T
     39   0     6  5.7755639521E+00               3.1E-03      T  T
 
   Iter Phase Ninf   Infeasibility   RGmax    NSB   Step InItr MX OK
     40   0     6  5.7472008821E+00               6.0E-03      T  T
     41   0     6  5.7311185054E+00               2.9E-03      T  T
     42   0     6  5.6984101935E+00               6.0E-03      T  T
     43   0     6  5.6841154498E+00               2.7E-03      T  T
     44   0     6  5.6531598847E+00               6.0E-03      T  T
     45   0     6  5.6405307853E+00               2.5E-03      T  T
     46   0     6  5.6113053440E+00               5.9E-03      T  T
     47   0     6  5.6002410067E+00               2.3E-03      T  T
     48   0     6  5.5727211052E+00               5.9E-03      T  T
     49   0     6  5.5630390816E+00               2.1E-03      T  T
 
   Iter Phase Ninf   Infeasibility   RGmax    NSB   Step InItr MX OK
     50   0     6  5.5317764270E+00               5.9E-03      T  T
     51   0     6  5.5215226941E+00               2.0E-03      T  T
     52   0     6  5.4920614730E+00               5.8E-03      T  T
     53   0     6  5.4783270106E+00               2.8E-03      T  T
     54   0     6  5.4504405707E+00               5.8E-03      T  T
     55   0     6  5.4388501113E+00               2.5E-03      T  T
     56   0     6  4.9843852649E+00               1.8E-01      T  T
     57   0     6  4.9419306918E+00               9.0E-03      T  T
     58   0     6  4.9151321380E+00               5.9E-03      T  T
     59   0     6  4.8754351412E+00               9.0E-03      T  T
 
   Iter Phase Ninf   Infeasibility   RGmax    NSB   Step InItr MX OK
     60   0     6  4.8396713125E+00               8.5E-03      T  T
     61   0     6  4.8032537739E+00               9.0E-03      T  T
     62   0     6  4.7821637007E+00               5.4E-03      T  T
     63   0     6  4.7410423810E+00               9.1E-03      T  T
     64   0     6  4.7180797868E+00               5.3E-03      T  T
     65   0     6  4.6797295059E+00               9.1E-03      T  T
     66   0     6  4.6591239620E+00               5.1E-03      T  T
     67   0     6  4.6222119081E+00               9.4E-03      T  T
     68   0     6  4.6062506601E+00               4.2E-03      T  T
     69   0     6  4.5664583971E+00               1.1E-02      T  T
 
   Iter Phase Ninf   Infeasibility   RGmax    NSB   Step InItr MX OK
     70   0     6  4.4963352791E+00               2.0E-02      T  T
     71   0     6  4.4516111561E+00               1.1E-02      T  T
     72   0     6  4.3739052109E+00               2.0E-02      T  T
     73   0     6  4.3357468213E+00               1.1E-02      T  T
     74   0     6  4.2715766606E+00               2.0E-02      T  T
     75   0     6  4.2492548990E+00               5.6E-03      T  T
     76   0     6  4.1855709943E+00               1.7E-02      T  T
     77   0     6  4.0564150588E+00               4.0E-02      T  T
     78   0     6  4.0348724394E+00               5.9E-03      T  T
     79   0     6  3.9721283905E+00               1.8E-02      T  T
 
   Iter Phase Ninf   Infeasibility   RGmax    NSB   Step InItr MX OK
     80   0     6  3.8964065523E+00               2.4E-02      T  T
     81   0     6  3.8296594594E+00               2.5E-02      T  T
     82   0     6  3.7870911574E+00               1.2E-02      T  T
     83   0     6  3.7468414475E+00               1.2E-02      T  T
     84   0     6  3.6997426702E+00               1.6E-02      T  T
     85   0     6  3.6661725757E+00               1.2E-02      T  T
     86   0     6  3.5994619968E+00               2.0E-02      T  T
     87   0     6  3.5624067369E+00               1.3E-02      T  T
     88   0     6  3.5084325461E+00               2.0E-02      T  T
     89   0     6  2.5457829262E+00               4.4E-01      T  T
 
   Iter Phase Ninf   Infeasibility   RGmax    NSB   Step InItr MX OK
     90   0     6  1.0144629280E+00               1.0E+00      F  T
     91   0     6  2.7427409722E-01               1.0E+00      F  T
     92   0     6  2.3418830034E-01               1.0E+00      F  T
     93   0     6  2.3064099759E-01               1.0E+00      F  T
     94   0     6  2.3041892609E-01               1.0E+00      F  T
     95   0     6  2.3040459819E-01               1.0E+00      F  T
     96   1     5  1.6672460260E-01 7.5E+00    65 1.0E+00    3 T  T
 
 ** Feasible solution. Value of objective =    814.409656241
 
   Iter Phase Ninf     Objective     RGmax    NSB   Step InItr MX OK
     97   3        7.1702463766E+02 2.2E+02   101 1.0E+00    9 T  T
     98   3        6.7459761735E+02 7.5E+01    98 1.0E+00   12 F  T
     99   3        6.6502465657E+02 4.2E+01    86 3.9E-01    8 F  T
    100   3        6.6158976419E+02 3.8E+01    86 5.9E-04      F  T
    101   3        6.5962563929E+02 1.6E+01    86 4.9E-04      F  T
    102   4        6.5659343572E+02 2.4E+01    86 1.3E+00      T  T
    103   4        6.5570005244E+02 2.4E+01    85 4.4E-01      T  T
    104   4        6.5502023779E+02 2.4E+01    84 3.4E-01      T  T
    105   3        6.5393690809E+02 2.4E+01    83 5.5E-04      F  T
    106   3        6.5229302824E+02 2.8E+01    90 2.4E-04      T  T
 
   Iter Phase Ninf     Objective     RGmax    NSB   Step InItr MX OK
    107   3        6.5190865355E+02 1.9E+01    89 9.9E-05      T  T
    108   3        6.4862270227E+02 1.8E+01    88 1.1E-03      T  T
